Arguments: 
  C:\Program Files\nodejs\node.exe C:\Program Files (x86)\Yarn\bin\yarn.js add @nomicfoundation/hardhat-toolbox @nomicfoundation/hardhat-ethers @nomiclabs/hardhat-waffle

PATH: 
  C:\Program Files\Common Files\Oracle\Java\javapath;C:\Windows\system32;C:\Windows;C:\Windows\System32\Wbem;C:\Windows\System32\WindowsPowerShell\v1.0\;C:\Windows\System32\OpenSSH\;C:\ProgramData\chocolatey\bin;C:\Program Files (x86)\Yarn\bin\;C:\Program Files\dotnet\;C:\Program Files\Git\cmd;C:\Program Files\nodejs\;C:\Program Files (x86)\dotnet\;C:\Users\user\AppData\Local\Programs\Python\Python311\Scripts\;C:\Users\user\AppData\Local\Programs\Python\Python311\;C:\Users\user\AppData\Local\Microsoft\WindowsApps;C:\Users\user\AppData\Local\Programs\Microsoft VS Code\bin;C:\Users\user\AppData\Local\Yarn\bin;C:\Users\user\Documents\flutter_windows_2.10.4-stable\flutter\bin;C:\Users\user\AppData\Roaming\npm

Yarn version: 
  1.22.18

Node version: 
  16.10.0

Platform: 
  win32 x64

Trace: 
  Error: https://registry.yarnpkg.com/@nomicfoundation%2fhardhat-ethers: Not found
      at Request.params.callback [as _callback] (C:\Program Files (x86)\Yarn\lib\cli.js:66138:18)
      at Request.self.callback (C:\Program Files (x86)\Yarn\lib\cli.js:140883:22)
      at Request.emit (node:events:390:28)
      at Request.<anonymous> (C:\Program Files (x86)\Yarn\lib\cli.js:141855:10)
      at Request.emit (node:events:390:28)
      at IncomingMessage.<anonymous> (C:\Program Files (x86)\Yarn\lib\cli.js:141777:12)
      at Object.onceWrapper (node:events:509:28)
      at IncomingMessage.emit (node:events:402:35)
      at endReadableNT (node:internal/streams/readable:1343:12)
      at processTicksAndRejections (node:internal/process/task_queues:83:21)

npm manifest: 
  {
    "name": "unoma-app",
    "version": "1.0.0",
    "description": "Building a smart contract for unoma",
    "main": "index.js",
    "scripts": {
      "test": "node test/test.js"
    },
    "author": "",
    "license": "ISC",
    "devDependencies": {
      "dotenv": "^16.0.2",
      "hardhat": "^2.11.2"
    },
    "dependencies": {
      "@nomiclabs/hardhat-waffle": "^2.0.3"
    }
  }

yarn manifest: 
  No manifest

Lockfile: 
  No lockfile
